2021-10-21 14:59:33,514 [main] INFO org.apache.hadoop.ozone.HddsDatanodeService: STARTUP_MSG: 
/************************************************************
STARTUP_MSG: Starting HddsDatanodeService
STARTUP_MSG:   host = hkl/127.0.1.1
STARTUP_MSG:   args = []
STARTUP_MSG:   version = 1.0.0
STARTUP_MSG:   classpath = /home/hkl/Downloads/ozone-1.0.0/etc/hadoop:/home/hkl/Downloads/ozone-1.0.0/share/hadoop/common/*:/home/hkl/Downloads/ozone-1.0.0/share/ozone/lib/kerb-simplekdc-1.0.1.jar:/home/hkl/Downloads/ozone-1.0.0/share/ozone/lib/okhttp-4.2.2.jar:/home/hkl/Downloads/ozone-1.0.0/share/ozone/lib/jackson-databind-2.10.3.jar:/home/hkl/Downloads/ozone-1.0.0/share/ozone/lib/protobuf-java-2.5.0.jar:/home/hkl/Downloads/ozone-1.0.0/share/ozone/lib/bcpkix-jdk15on-1.60.jar:/home/hkl/Downloads/ozone-1.0.0/share/ozone/lib/netty-3.10.5.Final.jar:/home/hkl/Downloads/ozone-1.0.0/share/ozone/lib/commons-validator-1.6.jar:/home/hkl/Downloads/ozone-1.0.0/share/ozone/lib/jaxb-impl-2.3.0.1.jar:/home/hkl/Downloads/ozone-1.0.0/share/ozone/lib/kotlin-stdlib-common-1.3.50.jar:/home/hkl/Downloads/ozone-1.0.0/share/ozone/lib/kerb-core-1.0.1.jar:/home/hkl/Downloads/ozone-1.0.0/share/ozone/lib/hadoop-hdds-container-service-1.0.0.jar:/home/hkl/Downloads/ozone-1.0.0/share/ozone/lib/jsr305-3.0.0.jar:/home/hkl/Downloads/ozone-1.0.0/share/ozone/lib/ratis-proto-1.0.0.jar:/home/hkl/Downloads/ozone-1.0.0/share/ozone/lib/hadoop-hdds-interface-admin-1.0.0.jar:/home/hkl/Downloads/ozone-1.0.0/share/ozone/lib/j2objc-annotations-1.3.jar:/home/hkl/Downloads/ozone-1.0.0/share/ozone/lib/leveldbjni-all-1.8.jar:/home/hkl/Downloads/ozone-1.0.0/share/ozone/lib/jetty-io-9.4.26.v20200117.jar:/home/hkl/Downloads/ozone-1.0.0/share/ozone/lib/hadoop-auth-3.2.1.jar:/home/hkl/Downloads/ozone-1.0.0/share/ozone/lib/jaeger-tracerresolver-1.2.0.jar:/home/hkl/Downloads/ozone-1.0.0/share/ozone/lib/ratis-client-1.0.0.jar:/home/hkl/Downloads/ozone-1.0.0/share/ozone/lib/htrace-core4-4.1.0-incubating.jar:/home/hkl/Downloads/ozone-1.0.0/share/ozone/lib/jaxb-api-2.3.0.jar:/home/hkl/Downloads/ozone-1.0.0/share/ozone/lib/hadoop-hdds-hadoop-dependency-server-1.0.0.jar:/home/hkl/Downloads/ozone-1.0.0/share/ozone/lib/hadoop-hdds-interface-server-1.0.0.jar:/home/hkl/Downloads/ozone-1.0.0/share/ozone/lib/kerb-util-1.0.1.jar:/home/hkl/Downloads/ozone-1.0.0/share/ozone/lib/jetty-http-9.4.26.v20200117.jar:/home/hkl/Downloads/ozone-1.0.0/share/ozone/lib/hadoop-hdds-server-framework-1.0.0.jar:/home/hkl/Downloads/ozone-1.0.0/share/ozone/lib/ratis-netty-1.0.0.jar:/home/hkl/Downloads/ozone-1.0.0/share/ozone/lib/jetty-xml-9.4.26.v20200117.jar:/home/hkl/Downloads/ozone-1.0.0/share/ozone/lib/jaeger-thrift-1.2.0.jar:/home/hkl/Downloads/ozone-1.0.0/share/ozone/lib/commons-logging-1.2.jar:/home/hkl/Downloads/ozone-1.0.0/share/ozone/lib/kerby-xdr-1.0.1.jar:/home/hkl/Downloads/ozone-1.0.0/share/ozone/lib/jetty-server-9.4.26.v20200117.jar:/home/hkl/Downloads/ozone-1.0.0/share/ozone/lib/opentracing-tracerresolver-0.1.8.jar:/home/hkl/Downloads/ozone-1.0.0/share/ozone/lib/commons-net-3.6.jar:/home/hkl/Downloads/ozone-1.0.0/share/ozone/lib/log4j-api-2.11.0.jar:/home/hkl/Downloads/ozone-1.0.0/share/ozone/lib/jaeger-core-1.2.0.jar:/home/hkl/Downloads/ozone-1.0.0/share/ozone/lib/error_prone_annotations-2.2.0.jar:/home/hkl/Downloads/ozone-1.0.0/share/ozone/lib/slf4j-log4j12-1.7.25.jar:/home/hkl/Downloads/ozone-1.0.0/share/ozone/lib/kerby-config-1.0.1.jar:/home/hkl/Downloads/ozone-1.0.0/share/ozone/lib/okio-2.2.2.jar:/home/hkl/Downloads/ozone-1.0.0/share/ozone/lib/hadoop-hdds-hadoop-dependency-client-1.0.0.jar:/home/hkl/Downloads/ozone-1.0.0/share/ozone/lib/jetty-util-ajax-9.4.26.v20200117.jar:/home/hkl/Downloads/ozone-1.0.0/share/ozone/lib/metrics-core-3.2.4.jar:/home/hkl/Downloads/ozone-1.0.0/share/ozone/lib/kerby-pkix-1.0.1.jar:/home/hkl/Downloads/ozone-1.0.0/share/ozone/lib/guava-28.2-jre.jar:/home/hkl/Downloads/ozone-1.0.0/share/ozone/lib/jetty-servlet-9.4.26.v20200117.jar:/home/hkl/Downloads/ozone-1.0.0/share/ozone/lib/xz-1.0.jar:/home/hkl/Downloads/ozone-1.0.0/share/ozone/lib/activation-1.1.1.jar:/home/hkl/Downloads/ozone-1.0.0/share/ozone/lib/jsr311-api-1.1.1.jar:/home/hkl/Downloads/ozone-1.0.0/share/ozone/lib/commons-beanutils-1.9.4.jar:/home/hkl/Downloads/ozone-1.0.0/share/ozone/lib/ratis-thirdparty-misc-0.5.0.jar:/home/hkl/Downloads/ozone-1.0.0/share/ozone/lib/jetty-security-9.4.26.v20200117.jar:/home/hkl/Downloads/ozone-1.0.0/share/ozone/lib/kerb-server-1.0.1.jar:/home/hkl/Downloads/ozone-1.0.0/share/ozone/lib/javax.servlet-api-3.1.0.jar:/home/hkl/Downloads/ozone-1.0.0/share/ozone/lib/ratis-metrics-1.0.0.jar:/home/hkl/Downloads/ozone-1.0.0/share/ozone/lib/kerb-client-1.0.1.jar:/home/hkl/Downloads/ozone-1.0.0/share/ozone/lib/disruptor-3.4.2.jar:/home/hkl/Downloads/ozone-1.0.0/share/ozone/lib/libthrift-0.13.0.jar:/home/hkl/Downloads/ozone-1.0.0/share/ozone/lib/ratis-server-1.0.0.jar:/home/hkl/Downloads/ozone-1.0.0/share/ozone/lib/annotations-13.0.jar:/home/hkl/Downloads/ozone-1.0.0/share/ozone/lib/simpleclient_common-0.7.0.jar:/home/hkl/Downloads/ozone-1.0.0/share/ozone/lib/dnsjava-2.1.7.jar:/home/hkl/Downloads/ozone-1.0.0/share/ozone/lib/jackson-annotations-2.10.3.jar:/home/hkl/Downloads/ozone-1.0.0/share/ozone/lib/commons-configuration2-2.1.1.jar:/home/hkl/Downloads/ozone-1.0.0/share/ozone/lib/hadoop-hdds-common-1.0.0-tests.jar:/home/hkl/Downloads/ozone-1.0.0/share/ozone/lib/json-smart-2.3.jar:/home/hkl/Downloads/ozone-1.0.0/share/ozone/lib/token-provider-1.0.1.jar:/home/hkl/Downloads/ozone-1.0.0/share/ozone/lib/log4j-1.2.17.jar:/home/hkl/Downloads/ozone-1.0.0/share/ozone/lib/commons-daemon-1.0.13.jar:/home/hkl/Downloads/ozone-1.0.0/share/ozone/lib/listenablefuture-9999.0-empty-to-avoid-conflict-with-guava.jar:/home/hkl/Downloads/ozone-1.0.0/share/ozone/lib/bcprov-jdk15on-1.60.jar:/home/hkl/Downloads/ozone-1.0.0/share/ozone/lib/jetty-webapp-9.4.26.v20200117.jar:/home/hkl/Downloads/ozone-1.0.0/share/ozone/lib/hadoop-hdds-interface-client-1.0.0.jar:/home/hkl/Downloads/ozone-1.0.0/share/ozone/lib/hadoop-hdfs-client-3.2.1.jar:/home/hkl/Downloads/ozone-1.0.0/share/ozone/lib/commons-lang3-3.7.jar:/home/hkl/Downloads/ozone-1.0.0/share/ozone/lib/commons-compress-1.4.1.jar:/home/hkl/Downloads/ozone-1.0.0/share/ozone/lib/hadoop-hdds-config-1.0.0.jar:/home/hkl/Downloads/ozone-1.0.0/share/ozone/lib/accessors-smart-1.2.jar:/home/hkl/Downloads/ozone-1.0.0/share/ozone/lib/re2j-1.1.jar:/home/hkl/Downloads/ozone-1.0.0/share/ozone/lib/hadoop-hdfs-3.2.1.jar:/home/hkl/Downloads/ozone-1.0.0/share/ozone/lib/commons-math3-3.1.1.jar:/home/hkl/Downloads/ozone-1.0.0/share/ozone/lib/simpleclient_dropwizard-0.7.0.jar:/home/hkl/Downloads/ozone-1.0.0/share/ozone/lib/hadoop-common-3.2.1.jar:/home/hkl/Downloads/ozone-1.0.0/share/ozone/lib/simpleclient-0.7.0.jar:/home/hkl/Downloads/ozone-1.0.0/share/ozone/lib/httpclient-4.5.2.jar:/home/hkl/Downloads/ozone-1.0.0/share/ozone/lib/rocksdbjni-6.8.1.jar:/home/hkl/Downloads/ozone-1.0.0/share/ozone/lib/asm-5.0.4.jar:/home/hkl/Downloads/ozone-1.0.0/share/ozone/lib/kerby-util-1.0.1.jar:/home/hkl/Downloads/ozone-1.0.0/share/ozone/lib/hadoop-hdds-common-1.0.0.jar:/home/hkl/Downloads/ozone-1.0.0/share/ozone/lib/failureaccess-1.0.1.jar:/home/hkl/Downloads/ozone-1.0.0/share/ozone/lib/jsp-api-2.1.jar:/home/hkl/Downloads/ozone-1.0.0/share/ozone/lib/jsch-0.1.54.jar:/home/hkl/Downloads/ozone-1.0.0/share/ozone/lib/hadoop-hdds-client-1.0.0.jar:/home/hkl/Downloads/ozone-1.0.0/share/ozone/lib/log4j-core-2.11.0.jar:/home/hkl/Downloads/ozone-1.0.0/share/ozone/lib/nimbus-jose-jwt-7.9.jar:/home/hkl/Downloads/ozone-1.0.0/share/ozone/lib/commons-codec-1.11.jar:/home/hkl/Downloads/ozone-1.0.0/share/ozone/lib/kotlin-stdlib-1.3.50.jar:/home/hkl/Downloads/ozone-1.0.0/share/ozone/lib/commons-pool2-2.6.0.jar:/home/hkl/Downloads/ozone-1.0.0/share/ozone/lib/jackson-datatype-jsr310-2.10.3.jar:/home/hkl/Downloads/ozone-1.0.0/share/ozone/lib/gson-2.2.4.jar:/home/hkl/Downloads/ozone-1.0.0/share/ozone/lib/opentracing-api-0.33.0.jar:/home/hkl/Downloads/ozone-1.0.0/share/ozone/lib/jcip-annotations-1.0-1.jar:/home/hkl/Downloads/ozone-1.0.0/share/ozone/lib/kerb-admin-1.0.1.jar:/home/hkl/Downloads/ozone-1.0.0/share/ozone/lib/commons-io-2.5.jar:/home/hkl/Downloads/ozone-1.0.0/share/ozone/lib/snakeyaml-1.16.jar:/home/hkl/Downloads/ozone-1.0.0/share/ozone/lib/jetty-util-9.4.26.v20200117.jar:/home/hkl/Downloads/ozone-1.0.0/share/ozone/lib/opentracing-noop-0.33.0.jar:/home/hkl/Downloads/ozone-1.0.0/share/ozone/lib/jersey-core-1.19.jar:/home/hkl/Downloads/ozone-1.0.0/share/ozone/lib/checker-qual-2.10.0.jar:/home/hkl/Downloads/ozone-1.0.0/share/ozone/lib/opentracing-util-0.33.0.jar:/home/hkl/Downloads/ozone-1.0.0/share/ozone/lib/picocli-3.9.6.jar:/home/hkl/Downloads/ozone-1.0.0/share/ozone/lib/commons-cli-1.2.jar:/home/hkl/Downloads/ozone-1.0.0/share/ozone/lib/woodstox-core-5.0.3.jar:/home/hkl/Downloads/ozone-1.0.0/share/ozone/lib/javax.annotation-api-1.2.jar:/home/hkl/Downloads/ozone-1.0.0/share/ozone/lib/kerby-asn1-1.0.1.jar:/home/hkl/Downloads/ozone-1.0.0/share/ozone/lib/netty-all-4.1.48.Final.jar:/home/hkl/Downloads/ozone-1.0.0/share/ozone/lib/stax2-api-3.1.4.jar:/home/hkl/Downloads/ozone-1.0.0/share/ozone/lib/commons-collections-3.2.2.jar:/home/hkl/Downloads/ozone-1.0.0/share/ozone/lib/commons-digester-1.8.1.jar:/home/hkl/Downloads/ozone-1.0.0/share/ozone/lib/jettison-1.1.jar:/home/hkl/Downloads/ozone-1.0.0/share/ozone/lib/commons-text-1.4.jar:/home/hkl/Downloads/ozone-1.0.0/share/ozone/lib/jackson-core-2.10.3.jar:/home/hkl/Downloads/ozone-1.0.0/share/ozone/lib/ratis-common-1.0.0.jar:/home/hkl/Downloads/ozone-1.0.0/share/ozone/lib/jersey-servlet-1.19.jar:/home/hkl/Downloads/ozone-1.0.0/share/ozone/lib/jersey-json-1.19.jar:/home/hkl/Downloads/ozone-1.0.0/share/ozone/lib/slf4j-api-1.7.25.jar:/home/hkl/Downloads/ozone-1.0.0/share/ozone/lib/kerb-identity-1.0.1.jar:/home/hkl/Downloads/ozone-1.0.0/share/ozone/lib/kerb-common-1.0.1.jar:/home/hkl/Downloads/ozone-1.0.0/share/ozone/lib/jaeger-client-1.2.0.jar:/home/hkl/Downloads/ozone-1.0.0/share/ozone/lib/jaxb-core-2.3.0.1.jar:/home/hkl/Downloads/ozone-1.0.0/share/ozone/lib/jersey-server-1.19.jar:/home/hkl/Downloads/ozone-1.0.0/share/ozone/lib/ratis-grpc-1.0.0.jar:/home/hkl/Downloads/ozone-1.0.0/share/ozone/lib/kerb-crypto-1.0.1.jar:/home/hkl/Downloads/ozone-1.0.0/share/ozone/lib/hadoop-annotations-3.2.1.jar:/home/hkl/Downloads/ozone-1.0.0/share/ozone/lib/httpcore-4.4.4.jar:/home/hkl/Downloads/ozone-1.0.0/share/ozone/web:/home/hkl/Downloads/ozone-1.0.0/share/ozone/lib/hadoop-ozone-datanode-1.0.0.jar
STARTUP_MSG:   build = https://github.com/apache/hadoop-ozone.git/28d372ca903b4741131bace09e0339e9161257bb ; compiled by 'sammi' on 2020-08-25T13:04Z
STARTUP_MSG:   java = 11.0.11
************************************************************/
2021-10-21 14:59:33,517 [main] INFO org.apache.hadoop.ozone.HddsDatanodeService: registered UNIX signal handlers for [TERM, HUP, INT]
2021-10-21 14:59:33,613 [main] INFO org.apache.ratis.metrics.MetricRegistries: Loaded MetricRegistries class org.apache.ratis.metrics.impl.MetricRegistriesImpl
2021-10-21 14:59:33,652 [main] INFO org.apache.hadoop.metrics2.impl.MetricsConfig: Loaded properties from hadoop-metrics2.properties
2021-10-21 14:59:33,715 [main] INFO org.apache.hadoop.metrics2.impl.MetricsSystemImpl: Scheduled Metric snapshot period at 10 second(s).
2021-10-21 14:59:33,715 [main] INFO org.apache.hadoop.metrics2.impl.MetricsSystemImpl: HddsDatanode metrics system started
2021-10-21 14:59:33,746 [main] INFO org.apache.hadoop.ozone.HddsDatanodeService: HddsDatanodeService host:hkl ip:127.0.1.1
2021-10-21 14:59:33,782 [main] INFO org.apache.hadoop.hdds.fs.SaveSpaceUsageToFile: Cached usage info file /tmp/hadoop-hkl/dfs/data/scmUsed not found
2021-10-21 14:59:33,783 [main] INFO org.apache.hadoop.ozone.container.common.volume.HddsVolume: Creating Volume: /tmp/hadoop-hkl/dfs/data/hdds of storage type : DISK and capacity : 14697308160
2021-10-21 14:59:33,784 [main] INFO org.apache.hadoop.ozone.container.common.volume.MutableVolumeSet: Added Volume : /tmp/hadoop-hkl/dfs/data/hdds to VolumeSet
2021-10-21 14:59:33,787 [main] INFO org.apache.hadoop.ozone.container.common.volume.ThrottledAsyncChecker: Scheduling a check for /tmp/hadoop-hkl/dfs/data/hdds
2021-10-21 14:59:33,806 [main] INFO org.apache.hadoop.ozone.container.common.volume.HddsVolumeChecker: Scheduled health check for volume /tmp/hadoop-hkl/dfs/data/hdds
2021-10-21 14:59:33,822 [Thread-4] INFO org.apache.hadoop.ozone.container.ozoneimpl.ContainerReader: Start to verify containers on volume /tmp/hadoop-hkl/dfs/data/hdds
2021-10-21 14:59:33,822 [Thread-4] INFO org.apache.hadoop.ozone.container.ozoneimpl.ContainerReader: Finish verifying containers on volume /tmp/hadoop-hkl/dfs/data/hdds
2021-10-21 14:59:33,822 [main] INFO org.apache.hadoop.ozone.container.ozoneimpl.OzoneContainer: Build ContainerSet costs 0s
2021-10-21 14:59:34,132 [main] WARN org.apache.hadoop.hdds.server.ServerUtils: Storage directory for Ratis is not configured. It is a good idea to map this to an SSD disk. Falling back to ozone.metadata.dirs
2021-10-21 14:59:34,154 [main] INFO org.apache.ratis.server.impl.RaftServerProxy: raft.rpc.type = GRPC (default)
2021-10-21 14:59:34,200 [main] INFO org.apache.ratis.grpc.GrpcConfigKeys: raft.grpc.server.port = 9858 (custom)
2021-10-21 14:59:34,200 [main] INFO org.apache.ratis.grpc.server.GrpcService: raft.grpc.message.size.max = 32MB (=33554432) (custom)
2021-10-21 14:59:34,201 [main] INFO org.apache.ratis.server.RaftServerConfigKeys: raft.server.log.appender.buffer.byte-limit = 33554432 (custom)
2021-10-21 14:59:34,201 [main] INFO org.apache.ratis.grpc.server.GrpcService: raft.grpc.flow.control.window = 5MB (=5242880) (custom)
2021-10-21 14:59:34,201 [main] INFO org.apache.ratis.server.RaftServerConfigKeys: raft.server.rpc.request.timeout = 60s (custom)
2021-10-21 14:59:34,314 [main] INFO org.apache.ratis.server.RaftServerConfigKeys: raft.server.storage.dir = [/tmp/ozone-metadata/ratis] (custom)
2021-10-21 14:59:34,315 [main] WARN org.apache.hadoop.hdds.server.ServerUtils: Storage directory for Ratis is not configured. It is a good idea to map this to an SSD disk. Falling back to ozone.metadata.dirs
2021-10-21 14:59:34,358 [main] INFO org.apache.hadoop.hdds.server.http.BaseHttpServer: Starting Web-server for hddsDatanode at: http://0.0.0.0:9882
2021-10-21 14:59:34,365 [main] INFO org.apache.hadoop.hdds.server.http.BaseHttpServer: Hadoop Security Enabled: false Ozone Security Enabled: false Ozone HTTP Security Enabled: false 
2021-10-21 14:59:34,376 [main] INFO org.eclipse.jetty.util.log: Logging initialized @1178ms to org.eclipse.jetty.util.log.Slf4jLog
2021-10-21 14:59:34,417 [main] INFO org.apache.hadoop.security.authentication.server.AuthenticationFilter: Unable to initialize FileSignerSecretProvider, falling back to use random secrets.
2021-10-21 14:59:34,419 [main] INFO org.apache.hadoop.hdds.server.http.HttpRequestLog: Http request log for http.requests.hddsDatanode is not defined
2021-10-21 14:59:34,421 [main] INFO org.apache.hadoop.hdds.server.http.HttpServer2: Added global filter 'safety' (class=org.apache.hadoop.hdds.server.http.HttpServer2$QuotingInputFilter)
2021-10-21 14:59:34,422 [main] INFO org.apache.hadoop.hdds.server.http.HttpServer2: Added filter static_user_filter (class=org.apache.hadoop.http.lib.StaticUserWebFilter$StaticUserFilter) to context hddsDatanode
2021-10-21 14:59:34,422 [main] INFO org.apache.hadoop.hdds.server.http.HttpServer2: Added filter static_user_filter (class=org.apache.hadoop.http.lib.StaticUserWebFilter$StaticUserFilter) to context logs
2021-10-21 14:59:34,422 [main] INFO org.apache.hadoop.hdds.server.http.HttpServer2: Added filter static_user_filter (class=org.apache.hadoop.http.lib.StaticUserWebFilter$StaticUserFilter) to context static
2021-10-21 14:59:34,438 [main] INFO org.apache.hadoop.hdds.server.http.HttpServer2: Jetty bound to port 9882
2021-10-21 14:59:34,438 [main] INFO org.eclipse.jetty.server.Server: jetty-9.4.26.v20200117; built: 2020-01-17T12:35:33.676Z; git: 7b38981d25d14afb4a12ff1f2596756144edf695; jvm 11.0.11+9-Ubuntu-0ubuntu2.18.04
2021-10-21 14:59:34,450 [main] INFO org.eclipse.jetty.server.session: DefaultSessionIdManager workerName=node0
2021-10-21 14:59:34,450 [main] INFO org.eclipse.jetty.server.session: No SessionScavenger set, using defaults
2021-10-21 14:59:34,451 [main] INFO org.eclipse.jetty.server.session: node0 Scavenging every 660000ms
2021-10-21 14:59:34,456 [main] INFO org.eclipse.jetty.server.handler.ContextHandler: Started o.e.j.s.ServletContextHandler@1d9bd4da{logs,/logs,file:///home/hkl/Downloads/ozone-1.0.0/logs/,AVAILABLE}
2021-10-21 14:59:34,456 [main] INFO org.eclipse.jetty.server.handler.ContextHandler: Started o.e.j.s.ServletContextHandler@142213d5{static,/static,jar:file:/home/hkl/Downloads/ozone-1.0.0/share/ozone/lib/hadoop-hdds-container-service-1.0.0.jar!/webapps/static,AVAILABLE}
2021-10-21 14:59:34,556 [main] INFO org.eclipse.jetty.server.handler.ContextHandler: Started o.e.j.w.WebAppContext@48f4713c{hddsDatanode,/,file:///tmp/jetty-0_0_0_0-9882-hadoop-hdds-container-service-1_0_0_jar-_-any-10253356368976980000.dir/webapp/,AVAILABLE}{jar:file:/home/hkl/Downloads/ozone-1.0.0/share/ozone/lib/hadoop-hdds-container-service-1.0.0.jar!/webapps/hddsDatanode}
2021-10-21 14:59:34,561 [main] INFO org.eclipse.jetty.server.AbstractConnector: Started ServerConnector@79e66b2f{HTTP/1.1,[http/1.1]}{0.0.0.0:9882}
2021-10-21 14:59:34,561 [main] INFO org.eclipse.jetty.server.Server: Started @1363ms
2021-10-21 14:59:34,562 [main] INFO org.apache.hadoop.metrics2.impl.MetricsSinkAdapter: Sink prometheus started
2021-10-21 14:59:34,562 [main] INFO org.apache.hadoop.metrics2.impl.MetricsSystemImpl: Registered sink prometheus
2021-10-21 14:59:34,562 [main] INFO org.apache.hadoop.hdds.server.http.BaseHttpServer: HTTP server of hddsDatanode listening at http://0.0.0.0:9882
2021-10-21 14:59:34,575 [org.apache.hadoop.util.JvmPauseMonitor$Monitor@6cf9b450] INFO org.apache.hadoop.util.JvmPauseMonitor: Starting JVM pause monitor
2021-10-21 14:59:34,635 [Datanode State Machine Task Thread - 0] INFO org.apache.hadoop.ozone.container.common.states.datanode.InitDatanodeState: DatanodeDetails is persisted to /tmp/ozone-metadata/datanode.id
2021-10-21 14:59:36,658 [Datanode State Machine Task Thread - 1] INFO org.apache.hadoop.ozone.container.ozoneimpl.OzoneContainer: Attempting to start container services.
2021-10-21 14:59:36,659 [Datanode State Machine Task Thread - 1] INFO org.apache.hadoop.ozone.container.ozoneimpl.OzoneContainer: Background container scanner has been disabled.
2021-10-21 14:59:36,659 [Datanode State Machine Task Thread - 1] INFO org.apache.hadoop.ozone.container.common.transport.server.ratis.XceiverServerRatis: Starting XceiverServerRatis aebaed38-4c58-4fd8-811f-bf620cacae15 at port 9858
2021-10-21 14:59:36,667 [Datanode State Machine Task Thread - 1] INFO org.apache.ratis.server.impl.RaftServerProxy: aebaed38-4c58-4fd8-811f-bf620cacae15: start RPC server
2021-10-21 14:59:36,697 [Datanode State Machine Task Thread - 1] INFO org.apache.ratis.grpc.server.GrpcService: aebaed38-4c58-4fd8-811f-bf620cacae15: GrpcService started, listening on 0.0.0.0/0.0.0.0:9858
2021-10-21 14:59:41,618 [Command processor thread] INFO org.apache.ratis.server.impl.RaftServerProxy: aebaed38-4c58-4fd8-811f-bf620cacae15: addNew group-6A669B9E2ED3:[aebaed38-4c58-4fd8-811f-bf620cacae15:127.0.0.1:9858] returns group-6A669B9E2ED3:java.util.concurrent.CompletableFuture@306baa0c[Not completed]
2021-10-21 14:59:41,631 [pool-19-thread-1] INFO org.apache.ratis.server.impl.RaftServerImpl: aebaed38-4c58-4fd8-811f-bf620cacae15: new RaftServerImpl for group-6A669B9E2ED3:[aebaed38-4c58-4fd8-811f-bf620cacae15:127.0.0.1:9858] with ContainerStateMachine:uninitialized
2021-10-21 14:59:41,633 [pool-19-thread-1] INFO org.apache.ratis.server.RaftServerConfigKeys: raft.server.rpc.timeout.min = 5s (custom)
2021-10-21 14:59:41,633 [pool-19-thread-1] INFO org.apache.ratis.server.RaftServerConfigKeys: raft.server.rpc.timeout.max = 5200ms (custom)
2021-10-21 14:59:41,633 [pool-19-thread-1] INFO org.apache.ratis.server.RaftServerConfigKeys: raft.server.rpcslowness.timeout = 300s (custom)
2021-10-21 14:59:41,634 [pool-19-thread-1] INFO org.apache.ratis.server.RaftServerConfigKeys: raft.server.sleep.deviation.threshold = 300 (default)
2021-10-21 14:59:41,634 [pool-19-thread-1] INFO org.apache.ratis.server.RaftServerConfigKeys: raft.server.log.appender.install.snapshot.enabled = false (custom)
2021-10-21 14:59:41,639 [pool-19-thread-1] INFO org.apache.ratis.server.impl.RaftServerImpl: aebaed38-4c58-4fd8-811f-bf620cacae15@group-6A669B9E2ED3: ConfigurationManager, init=-1: [aebaed38-4c58-4fd8-811f-bf620cacae15:127.0.0.1:9858], old=null, confs=<EMPTY_MAP>
2021-10-21 14:59:41,639 [pool-19-thread-1] INFO org.apache.ratis.server.RaftServerConfigKeys: raft.server.storage.dir = [/tmp/ozone-metadata/ratis] (custom)
2021-10-21 14:59:41,643 [pool-19-thread-1] INFO org.apache.ratis.server.RaftServerConfigKeys: raft.server.log.corruption.policy = EXCEPTION (default)
2021-10-21 14:59:41,644 [pool-19-thread-1] INFO org.apache.ratis.server.storage.RaftStorageDirectory: The storage directory /tmp/ozone-metadata/ratis/2b2e8a9e-89e8-43ea-873e-6a669b9e2ed3 does not exist. Creating ...
2021-10-21 14:59:41,650 [pool-19-thread-1] INFO org.apache.ratis.server.storage.RaftStorageDirectory: Lock on /tmp/ozone-metadata/ratis/2b2e8a9e-89e8-43ea-873e-6a669b9e2ed3/in_use.lock acquired by nodename 435838@hkl
2021-10-21 14:59:41,654 [pool-19-thread-1] INFO org.apache.ratis.server.storage.RaftStorage: Storage directory /tmp/ozone-metadata/ratis/2b2e8a9e-89e8-43ea-873e-6a669b9e2ed3 has been successfully formatted.
2021-10-21 14:59:41,662 [pool-19-thread-1] INFO org.apache.hadoop.ozone.container.common.transport.server.ratis.ContainerStateMachine: group-6A669B9E2ED3: The snapshot info is null. Setting the last applied indexto:(t:0, i:~)
2021-10-21 14:59:41,664 [pool-19-thread-1] INFO org.apache.ratis.server.RaftServerConfigKeys: raft.server.notification.no-leader.timeout = 300s (custom)
2021-10-21 14:59:41,668 [pool-19-thread-1] INFO org.apache.ratis.server.RaftServerConfigKeys: raft.server.log.use.memory = false (default)
2021-10-21 14:59:41,674 [pool-19-thread-1] INFO org.apache.ratis.server.RaftServerConfigKeys: raft.server.log.purge.gap = 1000000 (custom)
2021-10-21 14:59:41,677 [pool-19-thread-1] INFO org.apache.ratis.metrics.RatisMetrics: Creating Metrics Registry : ratis.log_worker.aebaed38-4c58-4fd8-811f-bf620cacae15@group-6A669B9E2ED3
2021-10-21 14:59:41,683 [pool-19-thread-1] INFO org.apache.ratis.server.RaftServerConfigKeys: raft.server.log.appender.buffer.byte-limit = 33554432 (custom)
2021-10-21 14:59:41,685 [pool-19-thread-1] INFO org.apache.ratis.server.RaftServerConfigKeys: raft.server.log.segment.size.max = 1048576 (custom)
2021-10-21 14:59:41,690 [pool-19-thread-1] INFO org.apache.ratis.server.RaftServerConfigKeys: raft.server.log.segment.cache.num.max = 2 (custom)
2021-10-21 14:59:41,693 [pool-19-thread-1] INFO org.apache.ratis.server.raftlog.segmented.SegmentedRaftLogWorker: new aebaed38-4c58-4fd8-811f-bf620cacae15@group-6A669B9E2ED3-SegmentedRaftLogWorker for RaftStorage:Storage Directory /tmp/ozone-metadata/ratis/2b2e8a9e-89e8-43ea-873e-6a669b9e2ed3
2021-10-21 14:59:41,693 [pool-19-thread-1] INFO org.apache.ratis.server.RaftServerConfigKeys: raft.server.log.queue.byte-limit = 2147483647 (custom)
2021-10-21 14:59:41,694 [pool-19-thread-1] INFO org.apache.ratis.server.RaftServerConfigKeys: raft.server.log.queue.element-limit = 1024 (custom)
2021-10-21 14:59:41,694 [pool-19-thread-1] INFO org.apache.ratis.server.RaftServerConfigKeys: raft.server.log.segment.size.max = 1048576 (custom)
2021-10-21 14:59:41,694 [pool-19-thread-1] INFO org.apache.ratis.server.RaftServerConfigKeys: raft.server.log.preallocated.size = 16384 (custom)
2021-10-21 14:59:41,694 [pool-19-thread-1] INFO org.apache.ratis.server.RaftServerConfigKeys: raft.server.log.write.buffer.size = 1048576 (custom)
2021-10-21 14:59:41,695 [pool-19-thread-1] INFO org.apache.ratis.server.RaftServerConfigKeys: raft.server.log.force.sync.num = 128 (default)
2021-10-21 14:59:41,695 [pool-19-thread-1] INFO org.apache.ratis.server.RaftServerConfigKeys: raft.server.log.statemachine.data.sync = true (default)
2021-10-21 14:59:41,695 [pool-19-thread-1] INFO org.apache.ratis.server.RaftServerConfigKeys: raft.server.log.statemachine.data.sync.timeout = 10s (default)
2021-10-21 14:59:41,695 [pool-19-thread-1] INFO org.apache.ratis.server.RaftServerConfigKeys: raft.server.log.statemachine.data.sync.timeout.retry = -1 (default)
2021-10-21 14:59:41,700 [pool-19-thread-1] INFO org.apache.ratis.server.RaftServerConfigKeys: raft.server.log.statemachine.data.caching.enabled = true (custom)
2021-10-21 14:59:41,703 [pool-19-thread-1] INFO org.apache.ratis.server.raftlog.segmented.SegmentedRaftLogWorker: aebaed38-4c58-4fd8-811f-bf620cacae15@group-6A669B9E2ED3-SegmentedRaftLogWorker: flushIndex: setUnconditionally 0 -> -1
2021-10-21 14:59:41,703 [pool-19-thread-1] INFO org.apache.ratis.server.raftlog.segmented.SegmentedRaftLogWorker: aebaed38-4c58-4fd8-811f-bf620cacae15@group-6A669B9E2ED3-SegmentedRaftLogWorker: safeCacheEvictIndex: setUnconditionally 0 -> -1
2021-10-21 14:59:41,704 [pool-19-thread-1] INFO org.apache.ratis.server.RaftServerConfigKeys: raft.server.snapshot.auto.trigger.enabled = true (custom)
2021-10-21 14:59:41,705 [pool-19-thread-1] INFO org.apache.ratis.server.RaftServerConfigKeys: raft.server.snapshot.auto.trigger.threshold = 10000 (custom)
2021-10-21 14:59:41,705 [pool-19-thread-1] INFO org.apache.ratis.server.RaftServerConfigKeys: raft.server.snapshot.retention.file.num = 5 (custom)
2021-10-21 14:59:41,705 [pool-19-thread-1] INFO org.apache.ratis.server.RaftServerConfigKeys: raft.server.log.purge.upto.snapshot.index = false (default)
2021-10-21 14:59:41,705 [pool-19-thread-1] INFO org.apache.ratis.server.RaftServerConfigKeys: raft.server.retrycache.expirytime = 600000ms (custom)
2021-10-21 14:59:41,716 [pool-19-thread-1] INFO org.apache.ratis.metrics.RatisMetrics: Creating Metrics Registry : ratis.leader_election.aebaed38-4c58-4fd8-811f-bf620cacae15@group-6A669B9E2ED3
2021-10-21 14:59:41,717 [pool-19-thread-1] INFO org.apache.ratis.metrics.RatisMetrics: Creating Metrics Registry : ratis.server.aebaed38-4c58-4fd8-811f-bf620cacae15@group-6A669B9E2ED3
2021-10-21 14:59:41,718 [pool-19-thread-1] INFO org.apache.ratis.server.impl.RaftServerImpl: aebaed38-4c58-4fd8-811f-bf620cacae15@group-6A669B9E2ED3: start as a follower, conf=-1: [aebaed38-4c58-4fd8-811f-bf620cacae15:127.0.0.1:9858], old=null
2021-10-21 14:59:41,719 [pool-19-thread-1] INFO org.apache.ratis.server.impl.RaftServerImpl: aebaed38-4c58-4fd8-811f-bf620cacae15@group-6A669B9E2ED3: changes role from      null to FOLLOWER at term 0 for startAsFollower
2021-10-21 14:59:41,719 [pool-19-thread-1] INFO org.apache.ratis.server.impl.RoleInfo: aebaed38-4c58-4fd8-811f-bf620cacae15: start FollowerState
2021-10-21 14:59:41,720 [pool-19-thread-1] INFO org.apache.ratis.util.JmxRegister: Successfully registered JMX Bean with object name Ratis:service=RaftServer,group=group-6A669B9E2ED3,id=aebaed38-4c58-4fd8-811f-bf620cacae15
2021-10-21 14:59:41,721 [pool-19-thread-1] INFO org.apache.ratis.metrics.RatisMetrics: Creating Metrics Registry : ratis.state_machine.aebaed38-4c58-4fd8-811f-bf620cacae15@group-6A669B9E2ED3
2021-10-21 14:59:41,727 [Command processor thread] INFO org.apache.hadoop.ozone.container.common.statemachine.commandhandler.CreatePipelineCommandHandler: Created Pipeline RATIS ONE #id: "2b2e8a9e-89e8-43ea-873e-6a669b9e2ed3"
uuid128 {
  mostSigBits: 3111576806082757610
  leastSigBits: -8701400441103175981
}
.
2021-10-21 14:59:46,811 [Thread-20] INFO org.apache.ratis.server.impl.FollowerState: aebaed38-4c58-4fd8-811f-bf620cacae15@group-6A669B9E2ED3-FollowerState: change to CANDIDATE, lastRpcTime:5091ms, electionTimeout:5091ms
2021-10-21 14:59:46,814 [Thread-20] INFO org.apache.ratis.server.impl.RoleInfo: aebaed38-4c58-4fd8-811f-bf620cacae15: shutdown FollowerState
2021-10-21 14:59:46,815 [Thread-20] INFO org.apache.ratis.server.impl.RaftServerImpl: aebaed38-4c58-4fd8-811f-bf620cacae15@group-6A669B9E2ED3: changes role from  FOLLOWER to CANDIDATE at term 0 for changeToCandidate
2021-10-21 14:59:46,820 [Thread-20] INFO org.apache.ratis.server.impl.RoleInfo: aebaed38-4c58-4fd8-811f-bf620cacae15: start LeaderElection
2021-10-21 14:59:46,829 [aebaed38-4c58-4fd8-811f-bf620cacae15@group-6A669B9E2ED3-LeaderElection1] INFO org.apache.ratis.server.impl.LeaderElection: aebaed38-4c58-4fd8-811f-bf620cacae15@group-6A669B9E2ED3-LeaderElection1: begin an election at term 1 for -1: [aebaed38-4c58-4fd8-811f-bf620cacae15:127.0.0.1:9858], old=null
2021-10-21 14:59:46,831 [aebaed38-4c58-4fd8-811f-bf620cacae15@group-6A669B9E2ED3-LeaderElection1] INFO org.apache.ratis.server.impl.RoleInfo: aebaed38-4c58-4fd8-811f-bf620cacae15: shutdown LeaderElection
2021-10-21 14:59:46,831 [aebaed38-4c58-4fd8-811f-bf620cacae15@group-6A669B9E2ED3-LeaderElection1] INFO org.apache.ratis.server.impl.RaftServerImpl: aebaed38-4c58-4fd8-811f-bf620cacae15@group-6A669B9E2ED3: changes role from CANDIDATE to LEADER at term 1 for changeToLeader
2021-10-21 14:59:46,832 [aebaed38-4c58-4fd8-811f-bf620cacae15@group-6A669B9E2ED3-LeaderElection1] INFO org.apache.hadoop.ozone.container.common.transport.server.ratis.XceiverServerRatis: Leader change notification received for group: group-6A669B9E2ED3 with new leaderId: aebaed38-4c58-4fd8-811f-bf620cacae15
2021-10-21 14:59:46,832 [aebaed38-4c58-4fd8-811f-bf620cacae15@group-6A669B9E2ED3-LeaderElection1] INFO org.apache.ratis.server.impl.RaftServerImpl: aebaed38-4c58-4fd8-811f-bf620cacae15@group-6A669B9E2ED3: change Leader from null to aebaed38-4c58-4fd8-811f-bf620cacae15 at term 1 for becomeLeader, leader elected after 5168ms
2021-10-21 14:59:46,836 [aebaed38-4c58-4fd8-811f-bf620cacae15@group-6A669B9E2ED3-LeaderElection1] INFO org.apache.ratis.server.RaftServerConfigKeys: raft.server.staging.catchup.gap = 1000 (default)
2021-10-21 14:59:46,837 [aebaed38-4c58-4fd8-811f-bf620cacae15@group-6A669B9E2ED3-LeaderElection1] INFO org.apache.ratis.server.RaftServerConfigKeys: raft.server.rpc.sleep.time = 25ms (default)
2021-10-21 14:59:46,838 [aebaed38-4c58-4fd8-811f-bf620cacae15@group-6A669B9E2ED3-LeaderElection1] INFO org.apache.ratis.metrics.RatisMetrics: Creating Metrics Registry : ratis.log_appender.aebaed38-4c58-4fd8-811f-bf620cacae15@group-6A669B9E2ED3
2021-10-21 14:59:46,841 [aebaed38-4c58-4fd8-811f-bf620cacae15@group-6A669B9E2ED3-LeaderElection1] INFO org.apache.ratis.server.RaftServerConfigKeys: raft.server.write.element-limit = 1024 (custom)
2021-10-21 14:59:46,841 [aebaed38-4c58-4fd8-811f-bf620cacae15@group-6A669B9E2ED3-LeaderElection1] INFO org.apache.ratis.server.RaftServerConfigKeys: raft.server.write.byte-limit = 1073741824 (custom)
2021-10-21 14:59:46,847 [aebaed38-4c58-4fd8-811f-bf620cacae15@group-6A669B9E2ED3-LeaderElection1] INFO org.apache.ratis.server.RaftServerConfigKeys: raft.server.watch.timeout = 180s (custom)
2021-10-21 14:59:46,848 [aebaed38-4c58-4fd8-811f-bf620cacae15@group-6A669B9E2ED3-LeaderElection1] INFO org.apache.ratis.server.RaftServerConfigKeys: raft.server.watch.timeout.denomination = 1s (default)
2021-10-21 14:59:46,848 [aebaed38-4c58-4fd8-811f-bf620cacae15@group-6A669B9E2ED3-LeaderElection1] INFO org.apache.ratis.server.RaftServerConfigKeys: raft.server.watch.element-limit = 65536 (default)
2021-10-21 14:59:46,853 [aebaed38-4c58-4fd8-811f-bf620cacae15@group-6A669B9E2ED3-LeaderElection1] INFO org.apache.ratis.server.impl.RoleInfo: aebaed38-4c58-4fd8-811f-bf620cacae15: start LeaderState
2021-10-21 14:59:46,863 [aebaed38-4c58-4fd8-811f-bf620cacae15@group-6A669B9E2ED3-LeaderElection1] INFO org.apache.ratis.server.raftlog.segmented.SegmentedRaftLogWorker: aebaed38-4c58-4fd8-811f-bf620cacae15@group-6A669B9E2ED3-SegmentedRaftLogWorker: Starting segment from index:0
2021-10-21 14:59:46,873 [aebaed38-4c58-4fd8-811f-bf620cacae15@group-6A669B9E2ED3-LeaderElection1] INFO org.apache.ratis.server.impl.RaftServerImpl: aebaed38-4c58-4fd8-811f-bf620cacae15@group-6A669B9E2ED3: set configuration 0: [aebaed38-4c58-4fd8-811f-bf620cacae15:127.0.0.1:9858], old=null at 0
2021-10-21 14:59:46,894 [aebaed38-4c58-4fd8-811f-bf620cacae15@group-6A669B9E2ED3-SegmentedRaftLogWorker] INFO org.apache.ratis.server.raftlog.segmented.SegmentedRaftLogWorker: aebaed38-4c58-4fd8-811f-bf620cacae15@group-6A669B9E2ED3-SegmentedRaftLogWorker: created new log segment /tmp/ozone-metadata/ratis/2b2e8a9e-89e8-43ea-873e-6a669b9e2ed3/current/log_inprogress_0
2021-10-21 15:29:33,776 [Periodic HDDS volume checker] INFO org.apache.hadoop.ozone.container.common.volume.ThrottledAsyncChecker: Scheduling a check for /tmp/hadoop-hkl/dfs/data/hdds
2021-10-21 15:29:33,778 [Periodic HDDS volume checker] INFO org.apache.hadoop.ozone.container.common.volume.HddsVolumeChecker: Scheduled health check for volume /tmp/hadoop-hkl/dfs/data/hdds
